<?xml version="1.0" encoding="UTF-8"?>
<!-- Generated by org.testng.reporters.JUnitReportReporter -->
<testsuite hostname="LAPTOP-3G62TEN0" failures="0" tests="4" name="com.testNgRunner.PirorityMethods" time="0.018" errors="0" timestamp="2025-04-23T14:46:46 IST" skipped="0">
  <testcase classname="com.testNgRunner.PirorityMethods" name="highSchool" time="0.013"/>
  <testcase classname="com.testNgRunner.PirorityMethods" name="primarySchool" time="0.002"/>
  <testcase classname="com.testNgRunner.PirorityMethods" name="mediumSchool" time="0.002"/>
  <testcase classname="com.testNgRunner.PirorityMethods" name="nursarySchool" time="0.001"/>
</testsuite> <!-- com.testNgRunner.PirorityMethods -->
