<?xml version="1.0" encoding="UTF-8"?>
<!-- Generated by org.testng.reporters.JUnitReportReporter -->
<testsuite hostname="LAPTOP-3G62TEN0" failures="0" tests="5" name="com.testNgRunner.DependsOnMethods" time="0.012" errors="0" timestamp="2025-04-23T15:11:33 IST" skipped="0">
  <testcase classname="com.testNgRunner.DependsOnMethods" name="whiteColours" time="0.008"/>
  <testcase classname="com.testNgRunner.DependsOnMethods" name="blueColours" time="0.000"/>
  <testcase classname="com.testNgRunner.DependsOnMethods" name="blackColours" time="0.001"/>
  <testcase classname="com.testNgRunner.DependsOnMethods" name="orangeColours" time="0.002"/>
  <testcase classname="com.testNgRunner.DependsOnMethods" name="greenColours" time="0.001"/>
</testsuite> <!-- com.testNgRunner.DependsOnMethods -->
