<?xml version="1.0" encoding="UTF-8"?>
<!-- Generated by org.testng.reporters.JUnitReportReporter -->
<testsuite hostname="LAPTOP-3G62TEN0" failures="0" tests="1" name="com.testNgRunner.SoftAssertClass" time="0.015" errors="0" timestamp="2025-04-24T14:41:18 IST" skipped="0">
  <testcase classname="com.testNgRunner.SoftAssertClass" name="demo" time="0.015"/>
</testsuite> <!-- com.testNgRunner.SoftAssertClass -->
