<?xml version="1.0" encoding="UTF-8"?>
<!-- Generated by org.testng.reporters.JUnitReportReporter -->
<testsuite hostname="LAPTOP-3G62TEN0" failures="0" tests="6" name="com.testNgRunner.Groups" time="0.030" errors="0" timestamp="2025-04-23T16:13:08 IST" skipped="0">
  <testcase classname="com.testNgRunner.Groups" name="colour2" time="0.003"/>
  <testcase classname="com.testNgRunner.Groups" name="colour1" time="0.015"/>
  <testcase classname="com.testNgRunner.Groups" name="darkcolour3" time="0.002"/>
  <testcase classname="com.testNgRunner.Groups" name="colour3" time="0.003"/>
  <testcase classname="com.testNgRunner.Groups" name="darkcolour1" time="0.003"/>
  <testcase classname="com.testNgRunner.Groups" name="darkcolour2" time="0.004"/>
</testsuite> <!-- com.testNgRunner.Groups -->
