<?xml version="1.0" encoding="UTF-8"?>
<!-- Generated by org.testng.reporters.JUnitReportReporter -->
<testsuite hostname="LAPTOP-3G62TEN0" failures="0" tests="6" name="com.testNgRunner.InvocationCount" time="24.683" errors="0" timestamp="2025-04-23T20:52:18 IST" skipped="0">
  <testcase classname="com.testNgRunner.InvocationCount" name="webSiteTestMethod" time="4.639"/>
  <testcase classname="com.testNgRunner.InvocationCount" name="webSiteTestMethod" time="4.824"/>
  <testcase classname="com.testNgRunner.InvocationCount" name="sampletest" time="0.010"/>
  <testcase classname="com.testNgRunner.InvocationCount" name="webSiteTestMethod" time="4.679"/>
  <testcase classname="com.testNgRunner.InvocationCount" name="webSiteTestMethod" time="4.179"/>
  <testcase classname="com.testNgRunner.InvocationCount" name="webSiteTestMethod" time="6.352"/>
</testsuite> <!-- com.testNgRunner.InvocationCount -->
