<?xml version="1.0" encoding="UTF-8"?>
<!-- Generated by org.testng.reporters.JUnitReportReporter -->
<testsuite hostname="LAPTOP-3G62TEN0" failures="0" tests="3" name="com.testNgRunner.SimpleAnnotation" time="0.003" errors="0" timestamp="2025-04-23T14:43:37 IST" skipped="2">
  <testcase classname="com.testNgRunner.SimpleAnnotation" name="PickupLocation" time="0.003"/>
  <testcase classname="com.testNgRunner.SimpleAnnotation" name="dateSelection">
    <skipped/>
  </testcase> <!-- dateSelection -->
  <testcase classname="com.testNgRunner.SimpleAnnotation" name="locationSelection">
    <skipped/>
  </testcase> <!-- locationSelection -->
</testsuite> <!-- com.testNgRunner.SimpleAnnotation -->
