<?xml version="1.0" encoding="UTF-8"?>
<!-- Generated by org.testng.reporters.JUnitReportReporter -->
<testsuite hostname="LAPTOP-3G62TEN0" failures="1" tests="7" name="com.testNgRunner.ItestMethod" time="0.143" errors="1" timestamp="2025-04-24T14:16:49 IST" skipped="5">
  <testcase classname="com.testNgRunner.ItestMethod" name="googleSite" time="0.011">
    <skipped/>
  </testcase> <!-- googleSite -->
  <testcase classname="com.testNgRunner.ItestMethod" name="terminateBrowser" time="0.003">
    <error type="java.lang.StackOverflowError">
      <![CDATA[java.lang.StackOverflowError
at com.testNgRunner.ItestMethod.terminateBrowser(ItestMethod.java:32)
at com.testNgRunner.ItestMethod.terminateBrowser(ItestMethod.java:32)
at com.testNgRunner.ItestMethod.terminateBrowser(ItestMethod.java:32)
at com.testNgRunner.ItestMethod.terminateBrowser(ItestMethod.java:32)
at com.testNgRunner.ItestMethod.terminateBrowser(ItestMethod.java:32)
at com.testNgRunner.ItestMethod.terminateBrowser(ItestMethod.java:32)
at com.testNgRunner.ItestMethod.terminateBrowser(ItestMethod.java:32)
at com.testNgRunner.ItestMethod.terminateBrowser(ItestMethod.java:32)
at com.testNgRunner.ItestMethod.terminateBrowser(ItestMethod.java:32)
at com.testNgRunner.ItestMethod.terminateBrowser(ItestMethod.java:32)
at com.testNgRunner.ItestMethod.terminateBrowser(ItestMethod.java:32)
at com.testNgRunner.ItestMethod.terminateBrowser(ItestMethod.java:32)
at com.testNgRunner.ItestMethod.terminateBrowser(ItestMethod.java:32)
at com.testNgRunner.ItestMethod.terminateBrowser(ItestMethod.java:32)
at com.testNgRunner.ItestMethod.terminateBrowser(ItestMethod.java:32)
at com.testNgRunner.ItestMethod.terminateBrowser(ItestMethod.java:32)
at com.testNgRunner.ItestMethod.terminateBrowser(ItestMethod.java:32)
at com.testNgRunner.ItestMethod.terminateBrowser(ItestMethod.java:32)
at com.testNgRunner.ItestMethod.terminateBrowser(ItestMethod.java:32)
at com.testNgRunner.ItestMethod.terminateBrowser(ItestMethod.java:32)
at com.testNgRunner.ItestMethod.terminateBrowser(ItestMethod.java:32)
at com.testNgRunner.ItestMethod.terminateBrowser(ItestMethod.java:32)
at com.testNgRunner.ItestMethod.terminateBrowser(ItestMethod.java:32)
at com.testNgRunner.ItestMethod.terminateBrowser(ItestMethod.java:32)
at com.testNgRunner.ItestMethod.terminateBrowser(ItestMethod.java:32)
at com.testNgRunner.ItestMethod.terminateBrowser(ItestMethod.java:32)
at com.testNgRunner.ItestMethod.terminateBrowser(ItestMethod.java:32)
at com.testNgRunner.ItestMethod.terminateBrowser(ItestMethod.java:32)
at com.testNgRunner.ItestMethod.terminateBrowser(ItestMethod.java:32)
at com.testNgRunner.ItestMethod.terminateBrowser(ItestMethod.java:32)
at com.testNgRunner.ItestMethod.terminateBrowser(ItestMethod.java:32)
at com.testNgRunner.ItestMethod.terminateBrowser(ItestMethod.java:32)
at com.testNgRunner.ItestMethod.terminateBrowser(ItestMethod.java:32)
at com.testNgRunner.ItestMethod.terminateBrowser(ItestMethod.java:32)
at com.testNgRunner.ItestMethod.terminateBrowser(ItestMethod.java:32)
at com.testNgRunner.ItestMethod.terminateBrowser(ItestMethod.java:32)
at com.testNgRunner.ItestMethod.terminateBrowser(ItestMethod.java:32)
at com.testNgRunner.ItestMethod.terminateBrowser(ItestMethod.java:32)
at com.testNgRunner.ItestMethod.terminateBrowser(ItestMethod.java:32)
at com.testNgRunner.ItestMethod.terminateBrowser(ItestMethod.java:32)
at com.testNgRunner.ItestMethod.terminateBrowser(ItestMethod.java:32)
at com.testNgRunner.ItestMethod.terminateBrowser(ItestMethod.java:32)
at com.testNgRunner.ItestMethod.terminateBrowser(ItestMethod.java:32)
at com.testNgRunner.ItestMethod.terminateBrowser(ItestMethod.java:32)
at com.testNgRunner.ItestMethod.terminateBrowser(ItestMethod.java:32)
at com.testNgRunner.ItestMethod.terminateBrowser(ItestMethod.java:32)
at com.testNgRunner.ItestMethod.terminateBrowser(ItestMethod.java:32)
at com.testNgRunner.ItestMethod.terminateBrowser(ItestMethod.java:32)
at com.testNgRunner.ItestMethod.terminateBrowser(ItestMethod.java:32)
at com.testNgRunner.ItestMethod.terminateBrowser(ItestMethod.java:32)
at com.testNgRunner.ItestMethod.terminateBrowser(ItestMethod.java:32)
at com.testNgRunner.ItestMethod.terminateBrowser(ItestMethod.java:32)
at com.testNgRunner.ItestMethod.terminateBrowser(ItestMethod.java:32)
at com.testNgRunner.ItestMethod.terminateBrowser(ItestMethod.java:32)
at com.testNgRunner.ItestMethod.terminateBrowser(ItestMethod.java:32)
at com.testNgRunner.ItestMethod.terminateBrowser(ItestMethod.java:32)
at com.testNgRunner.ItestMethod.terminateBrowser(ItestMethod.java:32)
at com.testNgRunner.ItestMethod.terminateBrowser(ItestMethod.java:32)
at com.testNgRunner.ItestMethod.terminateBrowser(ItestMethod.java:32)
at com.testNgRunner.ItestMethod.terminateBrowser(ItestMethod.java:32)
at com.testNgRunner.ItestMethod.terminateBrowser(ItestMethod.java:32)
at com.testNgRunner.ItestMethod.terminateBrowser(ItestMethod.java:32)
at com.testNgRunner.ItestMethod.terminateBrowser(ItestMethod.java:32)
at com.testNgRunner.ItestMethod.terminateBrowser(ItestMethod.java:32)
at com.testNgRunner.ItestMethod.terminateBrowser(ItestMethod.java:32)
at com.testNgRunner.ItestMethod.terminateBrowser(ItestMethod.java:32)
at com.testNgRunner.ItestMethod.terminateBrowser(ItestMethod.java:32)
at com.testNgRunner.ItestMethod.terminateBrowser(ItestMethod.java:32)
at com.testNgRunner.ItestMethod.terminateBrowser(ItestMethod.java:32)
at com.testNgRunner.ItestMethod.terminateBrowser(ItestMethod.java:32)
at com.testNgRunner.ItestMethod.terminateBrowser(ItestMethod.java:32)
at com.testNgRunner.ItestMethod.terminateBrowser(ItestMethod.java:32)
at com.testNgRunner.ItestMethod.terminateBrowser(ItestMethod.java:32)
at com.testNgRunner.ItestMethod.terminateBrowser(ItestMethod.java:32)
at com.testNgRunner.ItestMethod.terminateBrowser(ItestMethod.java:32)
at com.testNgRunner.ItestMethod.terminateBrowser(ItestMethod.java:32)
at com.testNgRunner.ItestMethod.terminateBrowser(ItestMethod.java:32)
at com.testNgRunner.ItestMethod.terminateBrowser(ItestMethod.java:32)
at com.testNgRunner.ItestMethod.terminateBrowser(ItestMethod.java:32)
at com.testNgRunner.ItestMethod.terminateBrowser(ItestMethod.java:32)
at com.testNgRunner.ItestMethod.terminateBrowser(ItestMethod.java:32)
at com.testNgRunner.ItestMethod.terminateBrowser(ItestMethod.java:32)
at com.testNgRunner.ItestMethod.terminateBrowser(ItestMethod.java:32)
at com.testNgRunner.ItestMethod.terminateBrowser(ItestMethod.java:32)
at com.testNgRunner.ItestMethod.terminateBrowser(ItestMethod.java:32)
at com.testNgRunner.ItestMethod.terminateBrowser(ItestMethod.java:32)
at com.testNgRunner.ItestMethod.terminateBrowser(ItestMethod.java:32)
at com.testNgRunner.ItestMethod.terminateBrowser(ItestMethod.java:32)
at com.testNgRunner.ItestMethod.terminateBrowser(ItestMethod.java:32)
at com.testNgRunner.ItestMethod.terminateBrowser(ItestMethod.java:32)
at com.testNgRunner.ItestMethod.terminateBrowser(ItestMethod.java:32)
at com.testNgRunner.ItestMethod.terminateBrowser(ItestMethod.java:32)
at com.testNgRunner.ItestMethod.terminateBrowser(ItestMethod.java:32)
at com.testNgRunner.ItestMethod.terminateBrowser(ItestMethod.java:32)
at com.testNgRunner.ItestMethod.terminateBrowser(ItestMethod.java:32)
at com.testNgRunner.ItestMethod.terminateBrowser(ItestMethod.java:32)
at com.testNgRunner.ItestMethod.terminateBrowser(ItestMethod.java:32)
at com.testNgRunner.ItestMethod.terminateBrowser(ItestMethod.java:32)
at com.testNgRunner.ItestMethod.terminateBrowser(ItestMethod.java:32)
at com.testNgRunner.ItestMethod.terminateBrowser(ItestMethod.java:32)
at com.testNgRunner.ItestMethod.terminateBrowser(ItestMethod.java:32)
at com.testNgRunner.ItestMethod.terminateBrowser(ItestMethod.java:32)
at com.testNgRunner.ItestMethod.terminateBrowser(ItestMethod.java:32)
at com.testNgRunner.ItestMethod.terminateBrowser(ItestMethod.java:32)
at com.testNgRunner.ItestMethod.terminateBrowser(ItestMethod.java:32)
at com.testNgRunner.ItestMethod.terminateBrowser(ItestMethod.java:32)
at com.testNgRunner.ItestMethod.terminateBrowser(ItestMethod.java:32)
at com.testNgRunner.ItestMethod.terminateBrowser(ItestMethod.java:32)
at com.testNgRunner.ItestMethod.terminateBrowser(ItestMethod.java:32)
at com.testNgRunner.ItestMethod.terminateBrowser(ItestMethod.java:32)
at com.testNgRunner.ItestMethod.terminateBrowser(ItestMethod.java:32)
at com.testNgRunner.ItestMethod.terminateBrowser(ItestMethod.java:32)
at com.testNgRunner.ItestMethod.terminateBrowser(ItestMethod.java:32)
at com.testNgRunner.ItestMethod.terminateBrowser(ItestMethod.java:32)
at com.testNgRunner.ItestMethod.terminateBrowser(ItestMethod.java:32)
at com.testNgRunner.ItestMethod.terminateBrowser(ItestMethod.java:32)
at com.testNgRunner.ItestMethod.terminateBrowser(ItestMethod.java:32)
at com.testNgRunner.ItestMethod.terminateBrowser(ItestMethod.java:32)
at com.testNgRunner.ItestMethod.terminateBrowser(ItestMethod.java:32)
at com.testNgRunner.ItestMethod.terminateBrowser(ItestMethod.java:32)
at com.testNgRunner.ItestMethod.terminateBrowser(ItestMethod.java:32)
at com.testNgRunner.ItestMethod.terminateBrowser(ItestMethod.java:32)
at com.testNgRunner.ItestMethod.terminateBrowser(ItestMethod.java:32)
at com.testNgRunner.ItestMethod.terminateBrowser(ItestMethod.java:32)
at com.testNgRunner.ItestMethod.terminateBrowser(ItestMethod.java:32)
at com.testNgRunner.ItestMethod.terminateBrowser(ItestMethod.java:32)
at com.testNgRunner.ItestMethod.terminateBrowser(ItestMethod.java:32)
at com.testNgRunner.ItestMethod.terminateBrowser(ItestMethod.java:32)
at com.testNgRunner.ItestMethod.terminateBrowser(ItestMethod.java:32)
at com.testNgRunner.ItestMethod.terminateBrowser(ItestMethod.java:32)
at com.testNgRunner.ItestMethod.terminateBrowser(ItestMethod.java:32)
at com.testNgRunner.ItestMethod.terminateBrowser(ItestMethod.java:32)
at com.testNgRunner.ItestMethod.terminateBrowser(ItestMethod.java:32)
at com.testNgRunner.ItestMethod.terminateBrowser(ItestMethod.java:32)
at com.testNgRunner.ItestMethod.terminateBrowser(ItestMethod.java:32)
at com.testNgRunner.ItestMethod.terminateBrowser(ItestMethod.java:32)
at com.testNgRunner.ItestMethod.terminateBrowser(ItestMethod.java:32)
at com.testNgRunner.ItestMethod.terminateBrowser(ItestMethod.java:32)
at com.testNgRunner.ItestMethod.terminateBrowser(ItestMethod.java:32)
at com.testNgRunner.ItestMethod.terminateBrowser(ItestMethod.java:32)
at com.testNgRunner.ItestMethod.terminateBrowser(ItestMethod.java:32)
at com.testNgRunner.ItestMethod.terminateBrowser(ItestMethod.java:32)
at com.testNgRunner.ItestMethod.terminateBrowser(ItestMethod.java:32)
at com.testNgRunner.ItestMethod.terminateBrowser(ItestMethod.java:32)
at com.testNgRunner.ItestMethod.terminateBrowser(ItestMethod.java:32)
at com.testNgRunner.ItestMethod.terminateBrowser(ItestMethod.java:32)
at com.testNgRunner.ItestMethod.terminateBrowser(ItestMethod.java:32)
at com.testNgRunner.ItestMethod.terminateBrowser(ItestMethod.java:32)
at com.testNgRunner.ItestMethod.terminateBrowser(ItestMethod.java:32)
at com.testNgRunner.ItestMethod.terminateBrowser(ItestMethod.java:32)
at com.testNgRunner.ItestMethod.terminateBrowser(ItestMethod.java:32)
at com.testNgRunner.ItestMethod.terminateBrowser(ItestMethod.java:32)
at com.testNgRunner.ItestMethod.terminateBrowser(ItestMethod.java:32)
at com.testNgRunner.ItestMethod.terminateBrowser(ItestMethod.java:32)
at com.testNgRunner.ItestMethod.terminateBrowser(ItestMethod.java:32)
at com.testNgRunner.ItestMethod.terminateBrowser(ItestMethod.java:32)
at com.testNgRunner.ItestMethod.terminateBrowser(ItestMethod.java:32)
at com.testNgRunner.ItestMethod.terminateBrowser(ItestMethod.java:32)
at com.testNgRunner.ItestMethod.terminateBrowser(ItestMethod.java:32)
at com.testNgRunner.ItestMethod.terminateBrowser(ItestMethod.java:32)
at com.testNgRunner.ItestMethod.terminateBrowser(ItestMethod.java:32)
at com.testNgRunner.ItestMethod.terminateBrowser(ItestMethod.java:32)
at com.testNgRunner.ItestMethod.terminateBrowser(ItestMethod.java:32)
at com.testNgRunner.ItestMethod.terminateBrowser(ItestMethod.java:32)
at com.testNgRunner.ItestMethod.terminateBrowser(ItestMethod.java:32)
at com.testNgRunner.ItestMethod.terminateBrowser(ItestMethod.java:32)
at com.testNgRunner.ItestMethod.terminateBrowser(ItestMethod.java:32)
at com.testNgRunner.ItestMethod.terminateBrowser(ItestMethod.java:32)
at com.testNgRunner.ItestMethod.terminateBrowser(ItestMethod.java:32)
at com.testNgRunner.ItestMethod.terminateBrowser(ItestMethod.java:32)
at com.testNgRunner.ItestMethod.terminateBrowser(ItestMethod.java:32)
at com.testNgRunner.ItestMethod.terminateBrowser(ItestMethod.java:32)
at com.testNgRunner.ItestMethod.terminateBrowser(ItestMethod.java:32)
at com.testNgRunner.ItestMethod.terminateBrowser(ItestMethod.java:32)
at com.testNgRunner.ItestMethod.terminateBrowser(ItestMethod.java:32)
at com.testNgRunner.ItestMethod.terminateBrowser(ItestMethod.java:32)
at com.testNgRunner.ItestMethod.terminateBrowser(ItestMethod.java:32)
at com.testNgRunner.ItestMethod.terminateBrowser(ItestMethod.java:32)
at com.testNgRunner.ItestMethod.terminateBrowser(ItestMethod.java:32)
at com.testNgRunner.ItestMethod.terminateBrowser(ItestMethod.java:32)
at com.testNgRunner.ItestMethod.terminateBrowser(ItestMethod.java:32)
at com.testNgRunner.ItestMethod.terminateBrowser(ItestMethod.java:32)
at com.testNgRunner.ItestMethod.terminateBrowser(ItestMethod.java:32)
at com.testNgRunner.ItestMethod.terminateBrowser(ItestMethod.java:32)
at com.testNgRunner.ItestMethod.terminateBrowser(ItestMethod.java:32)
at com.testNgRunner.ItestMethod.terminateBrowser(ItestMethod.java:32)
at com.testNgRunner.ItestMethod.terminateBrowser(ItestMethod.java:32)
at com.testNgRunner.ItestMethod.terminateBrowser(ItestMethod.java:32)
at com.testNgRunner.ItestMethod.terminateBrowser(ItestMethod.java:32)
at com.testNgRunner.ItestMethod.terminateBrowser(ItestMethod.java:32)
at com.testNgRunner.ItestMethod.terminateBrowser(ItestMethod.java:32)
at com.testNgRunner.ItestMethod.terminateBrowser(ItestMethod.java:32)
at com.testNgRunner.ItestMethod.terminateBrowser(ItestMethod.java:32)
at com.testNgRunner.ItestMethod.terminateBrowser(ItestMethod.java:32)
at com.testNgRunner.ItestMethod.terminateBrowser(ItestMethod.java:32)
at com.testNgRunner.ItestMethod.terminateBrowser(ItestMethod.java:32)
at com.testNgRunner.ItestMethod.terminateBrowser(ItestMethod.java:32)
at com.testNgRunner.ItestMethod.terminateBrowser(ItestMethod.java:32)
at com.testNgRunner.ItestMethod.terminateBrowser(ItestMethod.java:32)
at com.testNgRunner.ItestMethod.terminateBrowser(ItestMethod.java:32)
at com.testNgRunner.ItestMethod.terminateBrowser(ItestMethod.java:32)
at com.testNgRunner.ItestMethod.terminateBrowser(ItestMethod.java:32)
at com.testNgRunner.ItestMethod.terminateBrowser(ItestMethod.java:32)
at com.testNgRunner.ItestMethod.terminateBrowser(ItestMethod.java:32)
at com.testNgRunner.ItestMethod.terminateBrowser(ItestMethod.java:32)
at com.testNgRunner.ItestMethod.terminateBrowser(ItestMethod.java:32)
at com.testNgRunner.ItestMethod.terminateBrowser(ItestMethod.java:32)
at com.testNgRunner.ItestMethod.terminateBrowser(ItestMethod.java:32)
at com.testNgRunner.ItestMethod.terminateBrowser(ItestMethod.java:32)
at com.testNgRunner.ItestMethod.terminateBrowser(ItestMethod.java:32)
at com.testNgRunner.ItestMethod.terminateBrowser(ItestMethod.java:32)
at com.testNgRunner.ItestMethod.terminateBrowser(ItestMethod.java:32)
at com.testNgRunner.ItestMethod.terminateBrowser(ItestMethod.java:32)
at com.testNgRunner.ItestMethod.terminateBrowser(ItestMethod.java:32)
at com.testNgRunner.ItestMethod.terminateBrowser(ItestMethod.java:32)
at com.testNgRunner.ItestMethod.terminateBrowser(ItestMethod.java:32)
at com.testNgRunner.ItestMethod.terminateBrowser(ItestMethod.java:32)
at com.testNgRunner.ItestMethod.terminateBrowser(ItestMethod.java:32)
at com.testNgRunner.ItestMethod.terminateBrowser(ItestMethod.java:32)
at com.testNgRunner.ItestMethod.terminateBrowser(ItestMethod.java:32)
at com.testNgRunner.ItestMethod.terminateBrowser(ItestMethod.java:32)
at com.testNgRunner.ItestMethod.terminateBrowser(ItestMethod.java:32)
at com.testNgRunner.ItestMethod.terminateBrowser(ItestMethod.java:32)
at com.testNgRunner.ItestMethod.terminateBrowser(ItestMethod.java:32)
at com.testNgRunner.ItestMethod.terminateBrowser(ItestMethod.java:32)
at com.testNgRunner.ItestMethod.terminateBrowser(ItestMethod.java:32)
at com.testNgRunner.ItestMethod.terminateBrowser(ItestMethod.java:32)
at com.testNgRunner.ItestMethod.terminateBrowser(ItestMethod.java:32)
at com.testNgRunner.ItestMethod.terminateBrowser(ItestMethod.java:32)
at com.testNgRunner.ItestMethod.terminateBrowser(ItestMethod.java:32)
at com.testNgRunner.ItestMethod.terminateBrowser(ItestMethod.java:32)
at com.testNgRunner.ItestMethod.terminateBrowser(ItestMethod.java:32)
at com.testNgRunner.ItestMethod.terminateBrowser(ItestMethod.java:32)
at com.testNgRunner.ItestMethod.terminateBrowser(ItestMethod.java:32)
at com.testNgRunner.ItestMethod.terminateBrowser(ItestMethod.java:32)
at com.testNgRunner.ItestMethod.terminateBrowser(ItestMethod.java:32)
at com.testNgRunner.ItestMethod.terminateBrowser(ItestMethod.java:32)
at com.testNgRunner.ItestMethod.terminateBrowser(ItestMethod.java:32)
at com.testNgRunner.ItestMethod.terminateBrowser(ItestMethod.java:32)
at com.testNgRunner.ItestMethod.terminateBrowser(ItestMethod.java:32)
at com.testNgRunner.ItestMethod.terminateBrowser(ItestMethod.java:32)
at com.testNgRunner.ItestMethod.terminateBrowser(ItestMethod.java:32)
at com.testNgRunner.ItestMethod.terminateBrowser(ItestMethod.java:32)
at com.testNgRunner.ItestMethod.terminateBrowser(ItestMethod.java:32)
at com.testNgRunner.ItestMethod.terminateBrowser(ItestMethod.java:32)
at com.testNgRunner.ItestMethod.terminateBrowser(ItestMethod.java:32)
at com.testNgRunner.ItestMethod.terminateBrowser(ItestMethod.java:32)
at com.testNgRunner.ItestMethod.terminateBrowser(ItestMethod.java:32)
at com.testNgRunner.ItestMethod.terminateBrowser(ItestMethod.java:32)
at com.testNgRunner.ItestMethod.terminateBrowser(ItestMethod.java:32)
at com.testNgRunner.ItestMethod.terminateBrowser(ItestMethod.java:32)
at com.testNgRunner.ItestMethod.terminateBrowser(ItestMethod.java:32)
at com.testNgRunner.ItestMethod.terminateBrowser(ItestMethod.java:32)
at com.testNgRunner.ItestMethod.terminateBrowser(ItestMethod.java:32)
at com.testNgRunner.ItestMethod.terminateBrowser(ItestMethod.java:32)
at com.testNgRunner.ItestMethod.terminateBrowser(ItestMethod.java:32)
at com.testNgRunner.ItestMethod.terminateBrowser(ItestMethod.java:32)
at com.testNgRunner.ItestMethod.terminateBrowser(ItestMethod.java:32)
at com.testNgRunner.ItestMethod.terminateBrowser(ItestMethod.java:32)
at com.testNgRunner.ItestMethod.terminateBrowser(ItestMethod.java:32)
at com.testNgRunner.ItestMethod.terminateBrowser(ItestMethod.java:32)
at com.testNgRunner.ItestMethod.terminateBrowser(ItestMethod.java:32)
at com.testNgRunner.ItestMethod.terminateBrowser(ItestMethod.java:32)
at com.testNgRunner.ItestMethod.terminateBrowser(ItestMethod.java:32)
at com.testNgRunner.ItestMethod.terminateBrowser(ItestMethod.java:32)
at com.testNgRunner.ItestMethod.terminateBrowser(ItestMethod.java:32)
at com.testNgRunner.ItestMethod.terminateBrowser(ItestMethod.java:32)
at com.testNgRunner.ItestMethod.terminateBrowser(ItestMethod.java:32)
at com.testNgRunner.ItestMethod.terminateBrowser(ItestMethod.java:32)
at com.testNgRunner.ItestMethod.terminateBrowser(ItestMethod.java:32)
at com.testNgRunner.ItestMethod.terminateBrowser(ItestMethod.java:32)
at com.testNgRunner.ItestMethod.terminateBrowser(ItestMethod.java:32)
at com.testNgRunner.ItestMethod.terminateBrowser(ItestMethod.java:32)
at com.testNgRunner.ItestMethod.terminateBrowser(ItestMethod.java:32)
at com.testNgRunner.ItestMethod.terminateBrowser(ItestMethod.java:32)
at com.testNgRunner.ItestMethod.terminateBrowser(ItestMethod.java:32)
at com.testNgRunner.ItestMethod.terminateBrowser(ItestMethod.java:32)
at com.testNgRunner.ItestMethod.terminateBrowser(ItestMethod.java:32)
at com.testNgRunner.ItestMethod.terminateBrowser(ItestMethod.java:32)
at com.testNgRunner.ItestMethod.terminateBrowser(ItestMethod.java:32)
at com.testNgRunner.ItestMethod.terminateBrowser(ItestMethod.java:32)
at com.testNgRunner.ItestMethod.terminateBrowser(ItestMethod.java:32)
at com.testNgRunner.ItestMethod.terminateBrowser(ItestMethod.java:32)
at com.testNgRunner.ItestMethod.terminateBrowser(ItestMethod.java:32)
at com.testNgRunner.ItestMethod.terminateBrowser(ItestMethod.java:32)
at com.testNgRunner.ItestMethod.terminateBrowser(ItestMethod.java:32)
at com.testNgRunner.ItestMethod.terminateBrowser(ItestMethod.java:32)
at com.testNgRunner.ItestMethod.terminateBrowser(ItestMethod.java:32)
at com.testNgRunner.ItestMethod.terminateBrowser(ItestMethod.java:32)
at com.testNgRunner.ItestMethod.terminateBrowser(ItestMethod.java:32)
at com.testNgRunner.ItestMethod.terminateBrowser(ItestMethod.java:32)
at com.testNgRunner.ItestMethod.terminateBrowser(ItestMethod.java:32)
at com.testNgRunner.ItestMethod.terminateBrowser(ItestMethod.java:32)
at com.testNgRunner.ItestMethod.terminateBrowser(ItestMethod.java:32)
at com.testNgRunner.ItestMethod.terminateBrowser(ItestMethod.java:32)
at com.testNgRunner.ItestMethod.terminateBrowser(ItestMethod.java:32)
at com.testNgRunner.ItestMethod.terminateBrowser(ItestMethod.java:32)
at com.testNgRunner.ItestMethod.terminateBrowser(ItestMethod.java:32)
at com.testNgRunner.ItestMethod.terminateBrowser(ItestMethod.java:32)
at com.testNgRunner.ItestMethod.terminateBrowser(ItestMethod.java:32)
at com.testNgRunner.ItestMethod.terminateBrowser(ItestMethod.java:32)
at com.testNgRunner.ItestMethod.terminateBrowser(ItestMethod.java:32)
at com.testNgRunner.ItestMethod.terminateBrowser(ItestMethod.java:32)
at com.testNgRunner.ItestMethod.terminateBrowser(ItestMethod.java:32)
at com.testNgRunner.ItestMethod.terminateBrowser(ItestMethod.java:32)
at com.testNgRunner.ItestMethod.terminateBrowser(ItestMethod.java:32)
at com.testNgRunner.ItestMethod.terminateBrowser(ItestMethod.java:32)
at com.testNgRunner.ItestMethod.terminateBrowser(ItestMethod.java:32)
at com.testNgRunner.ItestMethod.terminateBrowser(ItestMethod.java:32)
at com.testNgRunner.ItestMethod.terminateBrowser(ItestMethod.java:32)
at com.testNgRunner.ItestMethod.terminateBrowser(ItestMethod.java:32)
at com.testNgRunner.ItestMethod.terminateBrowser(ItestMethod.java:32)
at com.testNgRunner.ItestMethod.terminateBrowser(ItestMethod.java:32)
at com.testNgRunner.ItestMethod.terminateBrowser(ItestMethod.java:32)
at com.testNgRunner.ItestMethod.terminateBrowser(ItestMethod.java:32)
at com.testNgRunner.ItestMethod.terminateBrowser(ItestMethod.java:32)
at com.testNgRunner.ItestMethod.terminateBrowser(ItestMethod.java:32)
at com.testNgRunner.ItestMethod.terminateBrowser(ItestMethod.java:32)
at com.testNgRunner.ItestMethod.terminateBrowser(ItestMethod.java:32)
at com.testNgRunner.ItestMethod.terminateBrowser(ItestMethod.java:32)
at com.testNgRunner.ItestMethod.terminateBrowser(ItestMethod.java:32)
at com.testNgRunner.ItestMethod.terminateBrowser(ItestMethod.java:32)
at com.testNgRunner.ItestMethod.terminateBrowser(ItestMethod.java:32)
at com.testNgRunner.ItestMethod.terminateBrowser(ItestMethod.java:32)
at com.testNgRunner.ItestMethod.terminateBrowser(ItestMethod.java:32)
at com.testNgRunner.ItestMethod.terminateBrowser(ItestMethod.java:32)
at com.testNgRunner.ItestMethod.terminateBrowser(ItestMethod.java:32)
at com.testNgRunner.ItestMethod.terminateBrowser(ItestMethod.java:32)
at com.testNgRunner.ItestMethod.terminateBrowser(ItestMethod.java:32)
at com.testNgRunner.ItestMethod.terminateBrowser(ItestMethod.java:32)
at com.testNgRunner.ItestMethod.terminateBrowser(ItestMethod.java:32)
at com.testNgRunner.ItestMethod.terminateBrowser(ItestMethod.java:32)
at com.testNgRunner.ItestMethod.terminateBrowser(ItestMethod.java:32)
at com.testNgRunner.ItestMethod.terminateBrowser(ItestMethod.java:32)
at com.testNgRunner.ItestMethod.terminateBrowser(ItestMethod.java:32)
at com.testNgRunner.ItestMethod.terminateBrowser(ItestMethod.java:32)
at com.testNgRunner.ItestMethod.terminateBrowser(ItestMethod.java:32)
at com.testNgRunner.ItestMethod.terminateBrowser(ItestMethod.java:32)
at com.testNgRunner.ItestMethod.terminateBrowser(ItestMethod.java:32)
at com.testNgRunner.ItestMethod.terminateBrowser(ItestMethod.java:32)
at com.testNgRunner.ItestMethod.terminateBrowser(ItestMethod.java:32)
at com.testNgRunner.ItestMethod.terminateBrowser(ItestMethod.java:32)
at com.testNgRunner.ItestMethod.terminateBrowser(ItestMethod.java:32)
at com.testNgRunner.ItestMethod.terminateBrowser(ItestMethod.java:32)
at com.testNgRunner.ItestMethod.terminateBrowser(ItestMethod.java:32)
at com.testNgRunner.ItestMethod.terminateBrowser(ItestMethod.java:32)
at com.testNgRunner.ItestMethod.terminateBrowser(ItestMethod.java:32)
at com.testNgRunner.ItestMethod.terminateBrowser(ItestMethod.java:32)
at com.testNgRunner.ItestMethod.terminateBrowser(ItestMethod.java:32)
at com.testNgRunner.ItestMethod.terminateBrowser(ItestMethod.java:32)
at com.testNgRunner.ItestMethod.terminateBrowser(ItestMethod.java:32)
at com.testNgRunner.ItestMethod.terminateBrowser(ItestMethod.java:32)
at com.testNgRunner.ItestMethod.terminateBrowser(ItestMethod.java:32)
at com.testNgRunner.ItestMethod.terminateBrowser(ItestMethod.java:32)
at com.testNgRunner.ItestMethod.terminateBrowser(ItestMethod.java:32)
at com.testNgRunner.ItestMethod.terminateBrowser(ItestMethod.java:32)
at com.testNgRunner.ItestMethod.terminateBrowser(ItestMethod.java:32)
at com.testNgRunner.ItestMethod.terminateBrowser(ItestMethod.java:32)
at com.testNgRunner.ItestMethod.terminateBrowser(ItestMethod.java:32)
at com.testNgRunner.ItestMethod.terminateBrowser(ItestMethod.java:32)
at com.testNgRunner.ItestMethod.terminateBrowser(ItestMethod.java:32)
at com.testNgRunner.ItestMethod.terminateBrowser(ItestMethod.java:32)
at com.testNgRunner.ItestMethod.terminateBrowser(ItestMethod.java:32)
at com.testNgRunner.ItestMethod.terminateBrowser(ItestMethod.java:32)
at com.testNgRunner.ItestMethod.terminateBrowser(ItestMethod.java:32)
at com.testNgRunner.ItestMethod.terminateBrowser(ItestMethod.java:32)
at com.testNgRunner.ItestMethod.terminateBrowser(ItestMethod.java:32)
at com.testNgRunner.ItestMethod.terminateBrowser(ItestMethod.java:32)
at com.testNgRunner.ItestMethod.terminateBrowser(ItestMethod.java:32)
at com.testNgRunner.ItestMethod.terminateBrowser(ItestMethod.java:32)
at com.testNgRunner.ItestMethod.terminateBrowser(ItestMethod.java:32)
at com.testNgRunner.ItestMethod.terminateBrowser(ItestMethod.java:32)
at com.testNgRunner.ItestMethod.terminateBrowser(ItestMethod.java:32)
at com.testNgRunner.ItestMethod.terminateBrowser(ItestMethod.java:32)
at com.testNgRunner.ItestMethod.terminateBrowser(ItestMethod.java:32)
at com.testNgRunner.ItestMethod.terminateBrowser(ItestMethod.java:32)
at com.testNgRunner.ItestMethod.terminateBrowser(ItestMethod.java:32)
at com.testNgRunner.ItestMethod.terminateBrowser(ItestMethod.java:32)
at com.testNgRunner.ItestMethod.terminateBrowser(ItestMethod.java:32)
at com.testNgRunner.ItestMethod.terminateBrowser(ItestMethod.java:32)
at com.testNgRunner.ItestMethod.terminateBrowser(ItestMethod.java:32)
at com.testNgRunner.ItestMethod.terminateBrowser(ItestMethod.java:32)
at com.testNgRunner.ItestMethod.terminateBrowser(ItestMethod.java:32)
at com.testNgRunner.ItestMethod.terminateBrowser(ItestMethod.java:32)
at com.testNgRunner.ItestMethod.terminateBrowser(ItestMethod.java:32)
at com.testNgRunner.ItestMethod.terminateBrowser(ItestMethod.java:32)
at com.testNgRunner.ItestMethod.terminateBrowser(ItestMethod.java:32)
at com.testNgRunner.ItestMethod.terminateBrowser(ItestMethod.java:32)
at com.testNgRunner.ItestMethod.terminateBrowser(ItestMethod.java:32)
at com.testNgRunner.ItestMethod.terminateBrowser(ItestMethod.java:32)
at com.testNgRunner.ItestMethod.terminateBrowser(ItestMethod.java:32)
at com.testNgRunner.ItestMethod.terminateBrowser(ItestMethod.java:32)
at com.testNgRunner.ItestMethod.terminateBrowser(ItestMethod.java:32)
at com.testNgRunner.ItestMethod.terminateBrowser(ItestMethod.java:32)
at com.testNgRunner.ItestMethod.terminateBrowser(ItestMethod.java:32)
at com.testNgRunner.ItestMethod.terminateBrowser(ItestMethod.java:32)
at com.testNgRunner.ItestMethod.terminateBrowser(ItestMethod.java:32)
at com.testNgRunner.ItestMethod.terminateBrowser(ItestMethod.java:32)
at com.testNgRunner.ItestMethod.terminateBrowser(ItestMethod.java:32)
at com.testNgRunner.ItestMethod.terminateBrowser(ItestMethod.java:32)
at com.testNgRunner.ItestMethod.terminateBrowser(ItestMethod.java:32)
at com.testNgRunner.ItestMethod.terminateBrowser(ItestMethod.java:32)
at com.testNgRunner.ItestMethod.terminateBrowser(ItestMethod.java:32)
at com.testNgRunner.ItestMethod.terminateBrowser(ItestMethod.java:32)
at com.testNgRunner.ItestMethod.terminateBrowser(ItestMethod.java:32)
at com.testNgRunner.ItestMethod.terminateBrowser(ItestMethod.java:32)
at com.testNgRunner.ItestMethod.terminateBrowser(ItestMethod.java:32)
at com.testNgRunner.ItestMethod.terminateBrowser(ItestMethod.java:32)
at com.testNgRunner.ItestMethod.terminateBrowser(ItestMethod.java:32)
at com.testNgRunner.ItestMethod.terminateBrowser(ItestMethod.java:32)
at com.testNgRunner.ItestMethod.terminateBrowser(ItestMethod.java:32)
at com.testNgRunner.ItestMethod.terminateBrowser(ItestMethod.java:32)
at com.testNgRunner.ItestMethod.terminateBrowser(ItestMethod.java:32)
at com.testNgRunner.ItestMethod.terminateBrowser(ItestMethod.java:32)
at com.testNgRunner.ItestMethod.terminateBrowser(ItestMethod.java:32)
at com.testNgRunner.ItestMethod.terminateBrowser(ItestMethod.java:32)
at com.testNgRunner.ItestMethod.terminateBrowser(ItestMethod.java:32)
at com.testNgRunner.ItestMethod.terminateBrowser(ItestMethod.java:32)
at com.testNgRunner.ItestMethod.terminateBrowser(ItestMethod.java:32)
at com.testNgRunner.ItestMethod.terminateBrowser(ItestMethod.java:32)
at com.testNgRunner.ItestMethod.terminateBrowser(ItestMethod.java:32)
at com.testNgRunner.ItestMethod.terminateBrowser(ItestMethod.java:32)
at com.testNgRunner.ItestMethod.terminateBrowser(ItestMethod.java:32)
at com.testNgRunner.ItestMethod.terminateBrowser(ItestMethod.java:32)
at com.testNgRunner.ItestMethod.terminateBrowser(ItestMethod.java:32)
at com.testNgRunner.ItestMethod.terminateBrowser(ItestMethod.java:32)
at com.testNgRunner.ItestMethod.terminateBrowser(ItestMethod.java:32)
at com.testNgRunner.ItestMethod.terminateBrowser(ItestMethod.java:32)
at com.testNgRunner.ItestMethod.terminateBrowser(ItestMethod.java:32)
at com.testNgRunner.ItestMethod.terminateBrowser(ItestMethod.java:32)
at com.testNgRunner.ItestMethod.terminateBrowser(ItestMethod.java:32)
at com.testNgRunner.ItestMethod.terminateBrowser(ItestMethod.java:32)
at com.testNgRunner.ItestMethod.terminateBrowser(ItestMethod.java:32)
at com.testNgRunner.ItestMethod.terminateBrowser(ItestMethod.java:32)
at com.testNgRunner.ItestMethod.terminateBrowser(ItestMethod.java:32)
at com.testNgRunner.ItestMethod.terminateBrowser(ItestMethod.java:32)
at com.testNgRunner.ItestMethod.terminateBrowser(ItestMethod.java:32)
at com.testNgRunner.ItestMethod.terminateBrowser(ItestMethod.java:32)
at com.testNgRunner.ItestMethod.terminateBrowser(ItestMethod.java:32)
at com.testNgRunner.ItestMethod.terminateBrowser(ItestMethod.java:32)
at com.testNgRunner.ItestMethod.terminateBrowser(ItestMethod.java:32)
at com.testNgRunner.ItestMethod.terminateBrowser(ItestMethod.java:32)
at com.testNgRunner.ItestMethod.terminateBrowser(ItestMethod.java:32)
at com.testNgRunner.ItestMethod.terminateBrowser(ItestMethod.java:32)
at com.testNgRunner.ItestMethod.terminateBrowser(ItestMethod.java:32)
at com.testNgRunner.ItestMethod.terminateBrowser(ItestMethod.java:32)
at com.testNgRunner.ItestMethod.terminateBrowser(ItestMethod.java:32)
at com.testNgRunner.ItestMethod.terminateBrowser(ItestMethod.java:32)
at com.testNgRunner.ItestMethod.terminateBrowser(ItestMethod.java:32)
at com.testNgRunner.ItestMethod.terminateBrowser(ItestMethod.java:32)
at com.testNgRunner.ItestMethod.terminateBrowser(ItestMethod.java:32)
at com.testNgRunner.ItestMethod.terminateBrowser(ItestMethod.java:32)
at com.testNgRunner.ItestMethod.terminateBrowser(ItestMethod.java:32)
at com.testNgRunner.ItestMethod.terminateBrowser(ItestMethod.java:32)
at com.testNgRunner.ItestMethod.terminateBrowser(ItestMethod.java:32)
at com.testNgRunner.ItestMethod.terminateBrowser(ItestMethod.java:32)
at com.testNgRunner.ItestMethod.terminateBrowser(ItestMethod.java:32)
at com.testNgRunner.ItestMethod.terminateBrowser(ItestMethod.java:32)
at com.testNgRunner.ItestMethod.terminateBrowser(ItestMethod.java:32)
at com.testNgRunner.ItestMethod.terminateBrowser(ItestMethod.java:32)
at com.testNgRunner.ItestMethod.terminateBrowser(ItestMethod.java:32)
at com.testNgRunner.ItestMethod.terminateBrowser(ItestMethod.java:32)
at com.testNgRunner.ItestMethod.terminateBrowser(ItestMethod.java:32)
at com.testNgRunner.ItestMethod.terminateBrowser(ItestMethod.java:32)
at com.testNgRunner.ItestMethod.terminateBrowser(ItestMethod.java:32)
at com.testNgRunner.ItestMethod.terminateBrowser(ItestMethod.java:32)
at com.testNgRunner.ItestMethod.terminateBrowser(ItestMethod.java:32)
at com.testNgRunner.ItestMethod.terminateBrowser(ItestMethod.java:32)
at com.testNgRunner.ItestMethod.terminateBrowser(ItestMethod.java:32)
at com.testNgRunner.ItestMethod.terminateBrowser(ItestMethod.java:32)
at com.testNgRunner.ItestMethod.terminateBrowser(ItestMethod.java:32)
at com.testNgRunner.ItestMethod.terminateBrowser(ItestMethod.java:32)
at com.testNgRunner.ItestMethod.terminateBrowser(ItestMethod.java:32)
at com.testNgRunner.ItestMethod.terminateBrowser(ItestMethod.java:32)
at com.testNgRunner.ItestMethod.terminateBrowser(ItestMethod.java:32)
at com.testNgRunner.ItestMethod.terminateBrowser(ItestMethod.java:32)
at com.testNgRunner.ItestMethod.terminateBrowser(ItestMethod.java:32)
at com.testNgRunner.ItestMethod.terminateBrowser(ItestMethod.java:32)
at com.testNgRunner.ItestMethod.terminateBrowser(ItestMethod.java:32)
at com.testNgRunner.ItestMethod.terminateBrowser(ItestMethod.java:32)
at com.testNgRunner.ItestMethod.terminateBrowser(ItestMethod.java:32)
at com.testNgRunner.ItestMethod.terminateBrowser(ItestMethod.java:32)
at com.testNgRunner.ItestMethod.terminateBrowser(ItestMethod.java:32)
at com.testNgRunner.ItestMethod.terminateBrowser(ItestMethod.java:32)
at com.testNgRunner.ItestMethod.terminateBrowser(ItestMethod.java:32)
at com.testNgRunner.ItestMethod.terminateBrowser(ItestMethod.java:32)
at com.testNgRunner.ItestMethod.terminateBrowser(ItestMethod.java:32)
at com.testNgRunner.ItestMethod.terminateBrowser(ItestMethod.java:32)
at com.testNgRunner.ItestMethod.terminateBrowser(ItestMethod.java:32)
at com.testNgRunner.ItestMethod.terminateBrowser(ItestMethod.java:32)
at com.testNgRunner.ItestMethod.terminateBrowser(ItestMethod.java:32)
at com.testNgRunner.ItestMethod.terminateBrowser(ItestMethod.java:32)
at com.testNgRunner.ItestMethod.terminateBrowser(ItestMethod.java:32)
at com.testNgRunner.ItestMethod.terminateBrowser(ItestMethod.java:32)
at com.testNgRunner.ItestMethod.terminateBrowser(ItestMethod.java:32)
at com.testNgRunner.ItestMethod.terminateBrowser(ItestMethod.java:32)
at com.testNgRunner.ItestMethod.terminateBrowser(ItestMethod.java:32)
at com.testNgRunner.ItestMethod.terminateBrowser(ItestMethod.java:32)
at com.testNgRunner.ItestMethod.terminateBrowser(ItestMethod.java:32)
at com.testNgRunner.ItestMethod.terminateBrowser(ItestMethod.java:32)
at com.testNgRunner.ItestMethod.terminateBrowser(ItestMethod.java:32)
at com.testNgRunner.ItestMethod.terminateBrowser(ItestMethod.java:32)
at com.testNgRunner.ItestMethod.terminateBrowser(ItestMethod.java:32)
at com.testNgRunner.ItestMethod.terminateBrowser(ItestMethod.java:32)
at com.testNgRunner.ItestMethod.terminateBrowser(ItestMethod.java:32)
at com.testNgRunner.ItestMethod.terminateBrowser(ItestMethod.java:32)
at com.testNgRunner.ItestMethod.terminateBrowser(ItestMethod.java:32)
at com.testNgRunner.ItestMethod.terminateBrowser(ItestMethod.java:32)
at com.testNgRunner.ItestMethod.terminateBrowser(ItestMethod.java:32)
at com.testNgRunner.ItestMethod.terminateBrowser(ItestMethod.java:32)
at com.testNgRunner.ItestMethod.terminateBrowser(ItestMethod.java:32)
at com.testNgRunner.ItestMethod.terminateBrowser(ItestMethod.java:32)
at com.testNgRunner.ItestMethod.terminateBrowser(ItestMethod.java:32)
at com.testNgRunner.ItestMethod.terminateBrowser(ItestMethod.java:32)
at com.testNgRunner.ItestMethod.terminateBrowser(ItestMethod.java:32)
at com.testNgRunner.ItestMethod.terminateBrowser(ItestMethod.java:32)
at com.testNgRunner.ItestMethod.terminateBrowser(ItestMethod.java:32)
at com.testNgRunner.ItestMethod.terminateBrowser(ItestMethod.java:32)
at com.testNgRunner.ItestMethod.terminateBrowser(ItestMethod.java:32)
at com.testNgRunner.ItestMethod.terminateBrowser(ItestMethod.java:32)
at com.testNgRunner.ItestMethod.terminateBrowser(ItestMethod.java:32)
at com.testNgRunner.ItestMethod.terminateBrowser(ItestMethod.java:32)
at com.testNgRunner.ItestMethod.terminateBrowser(ItestMethod.java:32)
at com.testNgRunner.ItestMethod.terminateBrowser(ItestMethod.java:32)
at com.testNgRunner.ItestMethod.terminateBrowser(ItestMethod.java:32)
at com.testNgRunner.ItestMethod.terminateBrowser(ItestMethod.java:32)
at com.testNgRunner.ItestMethod.terminateBrowser(ItestMethod.java:32)
at com.testNgRunner.ItestMethod.terminateBrowser(ItestMethod.java:32)
at com.testNgRunner.ItestMethod.terminateBrowser(ItestMethod.java:32)
at com.testNgRunner.ItestMethod.terminateBrowser(ItestMethod.java:32)
at com.testNgRunner.ItestMethod.terminateBrowser(ItestMethod.java:32)
at com.testNgRunner.ItestMethod.terminateBrowser(ItestMethod.java:32)
at com.testNgRunner.ItestMethod.terminateBrowser(ItestMethod.java:32)
at com.testNgRunner.ItestMethod.terminateBrowser(ItestMethod.java:32)
at com.testNgRunner.ItestMethod.terminateBrowser(ItestMethod.java:32)
at com.testNgRunner.ItestMethod.terminateBrowser(ItestMethod.java:32)
at com.testNgRunner.ItestMethod.terminateBrowser(ItestMethod.java:32)
at com.testNgRunner.ItestMethod.terminateBrowser(ItestMethod.java:32)
at com.testNgRunner.ItestMethod.terminateBrowser(ItestMethod.java:32)
at com.testNgRunner.ItestMethod.terminateBrowser(ItestMethod.java:32)
at com.testNgRunner.ItestMethod.terminateBrowser(ItestMethod.java:32)
at com.testNgRunner.ItestMethod.terminateBrowser(ItestMethod.java:32)
at com.testNgRunner.ItestMethod.terminateBrowser(ItestMethod.java:32)
at com.testNgRunner.ItestMethod.terminateBrowser(ItestMethod.java:32)
at com.testNgRunner.ItestMethod.terminateBrowser(ItestMethod.java:32)
at com.testNgRunner.ItestMethod.terminateBrowser(ItestMethod.java:32)
at com.testNgRunner.ItestMethod.terminateBrowser(ItestMethod.java:32)
at com.testNgRunner.ItestMethod.terminateBrowser(ItestMethod.java:32)
at com.testNgRunner.ItestMethod.terminateBrowser(ItestMethod.java:32)
at com.testNgRunner.ItestMethod.terminateBrowser(ItestMethod.java:32)
at com.testNgRunner.ItestMethod.terminateBrowser(ItestMethod.java:32)
at com.testNgRunner.ItestMethod.terminateBrowser(ItestMethod.java:32)
at com.testNgRunner.ItestMethod.terminateBrowser(ItestMethod.java:32)
at com.testNgRunner.ItestMethod.terminateBrowser(ItestMethod.java:32)
at com.testNgRunner.ItestMethod.terminateBrowser(ItestMethod.java:32)
at com.testNgRunner.ItestMethod.terminateBrowser(ItestMethod.java:32)
at com.testNgRunner.ItestMethod.terminateBrowser(ItestMethod.java:32)
at com.testNgRunner.ItestMethod.terminateBrowser(ItestMethod.java:32)
at com.testNgRunner.ItestMethod.terminateBrowser(ItestMethod.java:32)
at com.testNgRunner.ItestMethod.terminateBrowser(ItestMethod.java:32)
at com.testNgRunner.ItestMethod.terminateBrowser(ItestMethod.java:32)
at com.testNgRunner.ItestMethod.terminateBrowser(ItestMethod.java:32)
at com.testNgRunner.ItestMethod.terminateBrowser(ItestMethod.java:32)
at com.testNgRunner.ItestMethod.terminateBrowser(ItestMethod.java:32)
at com.testNgRunner.ItestMethod.terminateBrowser(ItestMethod.java:32)
at com.testNgRunner.ItestMethod.terminateBrowser(ItestMethod.java:32)
at com.testNgRunner.ItestMethod.terminateBrowser(ItestMethod.java:32)
at com.testNgRunner.ItestMethod.terminateBrowser(ItestMethod.java:32)
at com.testNgRunner.ItestMethod.terminateBrowser(ItestMethod.java:32)
at com.testNgRunner.ItestMethod.terminateBrowser(ItestMethod.java:32)
at com.testNgRunner.ItestMethod.terminateBrowser(ItestMethod.java:32)
at com.testNgRunner.ItestMethod.terminateBrowser(ItestMethod.java:32)
at com.testNgRunner.ItestMethod.terminateBrowser(ItestMethod.java:32)
at com.testNgRunner.ItestMethod.terminateBrowser(ItestMethod.java:32)
at com.testNgRunner.ItestMethod.terminateBrowser(ItestMethod.java:32)
at com.testNgRunner.ItestMethod.terminateBrowser(ItestMethod.java:32)
at com.testNgRunner.ItestMethod.terminateBrowser(ItestMethod.java:32)
at com.testNgRunner.ItestMethod.terminateBrowser(ItestMethod.java:32)
at com.testNgRunner.ItestMethod.terminateBrowser(ItestMethod.java:32)
at com.testNgRunner.ItestMethod.terminateBrowser(ItestMethod.java:32)
at com.testNgRunner.ItestMethod.terminateBrowser(ItestMethod.java:32)
at com.testNgRunner.ItestMethod.terminateBrowser(ItestMethod.java:32)
at com.testNgRunner.ItestMethod.terminateBrowser(ItestMethod.java:32)
at com.testNgRunner.ItestMethod.terminateBrowser(ItestMethod.java:32)
at com.testNgRunner.ItestMethod.terminateBrowser(ItestMethod.java:32)
at com.testNgRunner.ItestMethod.terminateBrowser(ItestMethod.java:32)
at com.testNgRunner.ItestMethod.terminateBrowser(ItestMethod.java:32)
at com.testNgRunner.ItestMethod.terminateBrowser(ItestMethod.java:32)
at com.testNgRunner.ItestMethod.terminateBrowser(ItestMethod.java:32)
at com.testNgRunner.ItestMethod.terminateBrowser(ItestMethod.java:32)
at com.testNgRunner.ItestMethod.terminateBrowser(ItestMethod.java:32)
at com.testNgRunner.ItestMethod.terminateBrowser(ItestMethod.java:32)
at com.testNgRunner.ItestMethod.terminateBrowser(ItestMethod.java:32)
at com.testNgRunner.ItestMethod.terminateBrowser(ItestMethod.java:32)
at com.testNgRunner.ItestMethod.terminateBrowser(ItestMethod.java:32)
at com.testNgRunner.ItestMethod.terminateBrowser(ItestMethod.java:32)
at com.testNgRunner.ItestMethod.terminateBrowser(ItestMethod.java:32)
at com.testNgRunner.ItestMethod.terminateBrowser(ItestMethod.java:32)
at com.testNgRunner.ItestMethod.terminateBrowser(ItestMethod.java:32)
at com.testNgRunner.ItestMethod.terminateBrowser(ItestMethod.java:32)
at com.testNgRunner.ItestMethod.terminateBrowser(ItestMethod.java:32)
at com.testNgRunner.ItestMethod.terminateBrowser(ItestMethod.java:32)
at com.testNgRunner.ItestMethod.terminateBrowser(ItestMethod.java:32)
at com.testNgRunner.ItestMethod.terminateBrowser(ItestMethod.java:32)
at com.testNgRunner.ItestMethod.terminateBrowser(ItestMethod.java:32)
at com.testNgRunner.ItestMethod.terminateBrowser(ItestMethod.java:32)
at com.testNgRunner.ItestMethod.terminateBrowser(ItestMethod.java:32)
at com.testNgRunner.ItestMethod.terminateBrowser(ItestMethod.java:32)
at com.testNgRunner.ItestMethod.terminateBrowser(ItestMethod.java:32)
at com.testNgRunner.ItestMethod.terminateBrowser(ItestMethod.java:32)
at com.testNgRunner.ItestMethod.terminateBrowser(ItestMethod.java:32)
at com.testNgRunner.ItestMethod.terminateBrowser(ItestMethod.java:32)
at com.testNgRunner.ItestMethod.terminateBrowser(ItestMethod.java:32)
at com.testNgRunner.ItestMethod.terminateBrowser(ItestMethod.java:32)
at com.testNgRunner.ItestMethod.terminateBrowser(ItestMethod.java:32)
at com.testNgRunner.ItestMethod.terminateBrowser(ItestMethod.java:32)
at com.testNgRunner.ItestMethod.terminateBrowser(ItestMethod.java:32)
at com.testNgRunner.ItestMethod.terminateBrowser(ItestMethod.java:32)
at com.testNgRunner.ItestMethod.terminateBrowser(ItestMethod.java:32)
at com.testNgRunner.ItestMethod.terminateBrowser(ItestMethod.java:32)
at com.testNgRunner.ItestMethod.terminateBrowser(ItestMethod.java:32)
at com.testNgRunner.ItestMethod.terminateBrowser(ItestMethod.java:32)
at com.testNgRunner.ItestMethod.terminateBrowser(ItestMethod.java:32)
at com.testNgRunner.ItestMethod.terminateBrowser(ItestMethod.java:32)
at com.testNgRunner.ItestMethod.terminateBrowser(ItestMethod.java:32)
at com.testNgRunner.ItestMethod.terminateBrowser(ItestMethod.java:32)
at com.testNgRunner.ItestMethod.terminateBrowser(ItestMethod.java:32)
at com.testNgRunner.ItestMethod.terminateBrowser(ItestMethod.java:32)
at com.testNgRunner.ItestMethod.terminateBrowser(ItestMethod.java:32)
at com.testNgRunner.ItestMethod.terminateBrowser(ItestMethod.java:32)
at com.testNgRunner.ItestMethod.terminateBrowser(ItestMethod.java:32)
at com.testNgRunner.ItestMethod.terminateBrowser(ItestMethod.java:32)
at com.testNgRunner.ItestMethod.terminateBrowser(ItestMethod.java:32)
at com.testNgRunner.ItestMethod.terminateBrowser(ItestMethod.java:32)
at com.testNgRunner.ItestMethod.terminateBrowser(ItestMethod.java:32)
at com.testNgRunner.ItestMethod.terminateBrowser(ItestMethod.java:32)
at com.testNgRunner.ItestMethod.terminateBrowser(ItestMethod.java:32)
at com.testNgRunner.ItestMethod.terminateBrowser(ItestMethod.java:32)
at com.testNgRunner.ItestMethod.terminateBrowser(ItestMethod.java:32)
at com.testNgRunner.ItestMethod.terminateBrowser(ItestMethod.java:32)
at com.testNgRunner.ItestMethod.terminateBrowser(ItestMethod.java:32)
at com.testNgRunner.ItestMethod.terminateBrowser(ItestMethod.java:32)
at com.testNgRunner.ItestMethod.terminateBrowser(ItestMethod.java:32)
at com.testNgRunner.ItestMethod.terminateBrowser(ItestMethod.java:32)
at com.testNgRunner.ItestMethod.terminateBrowser(ItestMethod.java:32)
at com.testNgRunner.ItestMethod.terminateBrowser(ItestMethod.java:32)
at com.testNgRunner.ItestMethod.terminateBrowser(ItestMethod.java:32)
at com.testNgRunner.ItestMethod.terminateBrowser(ItestMethod.java:32)
at com.testNgRunner.ItestMethod.terminateBrowser(ItestMethod.java:32)
at com.testNgRunner.ItestMethod.terminateBrowser(ItestMethod.java:32)
at com.testNgRunner.ItestMethod.terminateBrowser(ItestMethod.java:32)
at com.testNgRunner.ItestMethod.terminateBrowser(ItestMethod.java:32)
at com.testNgRunner.ItestMethod.terminateBrowser(ItestMethod.java:32)
at com.testNgRunner.ItestMethod.terminateBrowser(ItestMethod.java:32)
at com.testNgRunner.ItestMethod.terminateBrowser(ItestMethod.java:32)
at com.testNgRunner.ItestMethod.terminateBrowser(ItestMethod.java:32)
at com.testNgRunner.ItestMethod.terminateBrowser(ItestMethod.java:32)
at com.testNgRunner.ItestMethod.terminateBrowser(ItestMethod.java:32)
at com.testNgRunner.ItestMethod.terminateBrowser(ItestMethod.java:32)
at com.testNgRunner.ItestMethod.terminateBrowser(ItestMethod.java:32)
at com.testNgRunner.ItestMethod.terminateBrowser(ItestMethod.java:32)
at com.testNgRunner.ItestMethod.terminateBrowser(ItestMethod.java:32)
at com.testNgRunner.ItestMethod.terminateBrowser(ItestMethod.java:32)
at com.testNgRunner.ItestMethod.terminateBrowser(ItestMethod.java:32)
at com.testNgRunner.ItestMethod.terminateBrowser(ItestMethod.java:32)
at com.testNgRunner.ItestMethod.terminateBrowser(ItestMethod.java:32)
at com.testNgRunner.ItestMethod.terminateBrowser(ItestMethod.java:32)
at com.testNgRunner.ItestMethod.terminateBrowser(ItestMethod.java:32)
at com.testNgRunner.ItestMethod.terminateBrowser(ItestMethod.java:32)
at com.testNgRunner.ItestMethod.terminateBrowser(ItestMethod.java:32)
at com.testNgRunner.ItestMethod.terminateBrowser(ItestMethod.java:32)
at com.testNgRunner.ItestMethod.terminateBrowser(ItestMethod.java:32)
at com.testNgRunner.ItestMethod.terminateBrowser(ItestMethod.java:32)
at com.testNgRunner.ItestMethod.terminateBrowser(ItestMethod.java:32)
at com.testNgRunner.ItestMethod.terminateBrowser(ItestMethod.java:32)
at com.testNgRunner.ItestMethod.terminateBrowser(ItestMethod.java:32)
at com.testNgRunner.ItestMethod.terminateBrowser(ItestMethod.java:32)
at com.testNgRunner.ItestMethod.terminateBrowser(ItestMethod.java:32)
at com.testNgRunner.ItestMethod.terminateBrowser(ItestMethod.java:32)
at com.testNgRunner.ItestMethod.terminateBrowser(ItestMethod.java:32)
at com.testNgRunner.ItestMethod.terminateBrowser(ItestMethod.java:32)
at com.testNgRunner.ItestMethod.terminateBrowser(ItestMethod.java:32)
at com.testNgRunner.ItestMethod.terminateBrowser(ItestMethod.java:32)
at com.testNgRunner.ItestMethod.terminateBrowser(ItestMethod.java:32)
at com.testNgRunner.ItestMethod.terminateBrowser(ItestMethod.java:32)
at com.testNgRunner.ItestMethod.terminateBrowser(ItestMethod.java:32)
at com.testNgRunner.ItestMethod.terminateBrowser(ItestMethod.java:32)
at com.testNgRunner.ItestMethod.terminateBrowser(ItestMethod.java:32)
at com.testNgRunner.ItestMethod.terminateBrowser(ItestMethod.java:32)
at com.testNgRunner.ItestMethod.terminateBrowser(ItestMethod.java:32)
at com.testNgRunner.ItestMethod.terminateBrowser(ItestMethod.java:32)
at com.testNgRunner.ItestMethod.terminateBrowser(ItestMethod.java:32)
at com.testNgRunner.ItestMethod.terminateBrowser(ItestMethod.java:32)
at com.testNgRunner.ItestMethod.terminateBrowser(ItestMethod.java:32)
at com.testNgRunner.ItestMethod.terminateBrowser(ItestMethod.java:32)
at com.testNgRunner.ItestMethod.terminateBrowser(ItestMethod.java:32)
at com.testNgRunner.ItestMethod.terminateBrowser(ItestMethod.java:32)
at com.testNgRunner.ItestMethod.terminateBrowser(ItestMethod.java:32)
at com.testNgRunner.ItestMethod.terminateBrowser(ItestMethod.java:32)
at com.testNgRunner.ItestMethod.terminateBrowser(ItestMethod.java:32)
at com.testNgRunner.ItestMethod.terminateBrowser(ItestMethod.java:32)
at com.testNgRunner.ItestMethod.terminateBrowser(ItestMethod.java:32)
at com.testNgRunner.ItestMethod.terminateBrowser(ItestMethod.java:32)
at com.testNgRunner.ItestMethod.terminateBrowser(ItestMethod.java:32)
at com.testNgRunner.ItestMethod.terminateBrowser(ItestMethod.java:32)
at com.testNgRunner.ItestMethod.terminateBrowser(ItestMethod.java:32)
at com.testNgRunner.ItestMethod.terminateBrowser(ItestMethod.java:32)
at com.testNgRunner.ItestMethod.terminateBrowser(ItestMethod.java:32)
at com.testNgRunner.ItestMethod.terminateBrowser(ItestMethod.java:32)
at com.testNgRunner.ItestMethod.terminateBrowser(ItestMethod.java:32)
at com.testNgRunner.ItestMethod.terminateBrowser(ItestMethod.java:32)
at com.testNgRunner.ItestMethod.terminateBrowser(ItestMethod.java:32)
at com.testNgRunner.ItestMethod.terminateBrowser(ItestMethod.java:32)
at com.testNgRunner.ItestMethod.terminateBrowser(ItestMethod.java:32)
at com.testNgRunner.ItestMethod.terminateBrowser(ItestMethod.java:32)
at com.testNgRunner.ItestMethod.terminateBrowser(ItestMethod.java:32)
at com.testNgRunner.ItestMethod.terminateBrowser(ItestMethod.java:32)
at com.testNgRunner.ItestMethod.terminateBrowser(ItestMethod.java:32)
at com.testNgRunner.ItestMethod.terminateBrowser(ItestMethod.java:32)
at com.testNgRunner.ItestMethod.terminateBrowser(ItestMethod.java:32)
at com.testNgRunner.ItestMethod.terminateBrowser(ItestMethod.java:32)
at com.testNgRunner.ItestMethod.terminateBrowser(ItestMethod.java:32)
at com.testNgRunner.ItestMethod.terminateBrowser(ItestMethod.java:32)
at com.testNgRunner.ItestMethod.terminateBrowser(ItestMethod.java:32)
at com.testNgRunner.ItestMethod.terminateBrowser(ItestMethod.java:32)
at com.testNgRunner.ItestMethod.terminateBrowser(ItestMethod.java:32)
at com.testNgRunner.ItestMethod.terminateBrowser(ItestMethod.java:32)
at com.testNgRunner.ItestMethod.terminateBrowser(ItestMethod.java:32)
at com.testNgRunner.ItestMethod.terminateBrowser(ItestMethod.java:32)
at com.testNgRunner.ItestMethod.terminateBrowser(ItestMethod.java:32)
at com.testNgRunner.ItestMethod.terminateBrowser(ItestMethod.java:32)
at com.testNgRunner.ItestMethod.terminateBrowser(ItestMethod.java:32)
at com.testNgRunner.ItestMethod.terminateBrowser(ItestMethod.java:32)
at com.testNgRunner.ItestMethod.terminateBrowser(ItestMethod.java:32)
at com.testNgRunner.ItestMethod.terminateBrowser(ItestMethod.java:32)
at com.testNgRunner.ItestMethod.terminateBrowser(ItestMethod.java:32)
at com.testNgRunner.ItestMethod.terminateBrowser(ItestMethod.java:32)
at com.testNgRunner.ItestMethod.terminateBrowser(ItestMethod.java:32)
at com.testNgRunner.ItestMethod.terminateBrowser(ItestMethod.java:32)
at com.testNgRunner.ItestMethod.terminateBrowser(ItestMethod.java:32)
at com.testNgRunner.ItestMethod.terminateBrowser(ItestMethod.java:32)
at com.testNgRunner.ItestMethod.terminateBrowser(ItestMethod.java:32)
at com.testNgRunner.ItestMethod.terminateBrowser(ItestMethod.java:32)
at com.testNgRunner.ItestMethod.terminateBrowser(ItestMethod.java:32)
at com.testNgRunner.ItestMethod.terminateBrowser(ItestMethod.java:32)
at com.testNgRunner.ItestMethod.terminateBrowser(ItestMethod.java:32)
at com.testNgRunner.ItestMethod.terminateBrowser(ItestMethod.java:32)
at com.testNgRunner.ItestMethod.terminateBrowser(ItestMethod.java:32)
at com.testNgRunner.ItestMethod.terminateBrowser(ItestMethod.java:32)
at com.testNgRunner.ItestMethod.terminateBrowser(ItestMethod.java:32)
at com.testNgRunner.ItestMethod.terminateBrowser(ItestMethod.java:32)
at com.testNgRunner.ItestMethod.terminateBrowser(ItestMethod.java:32)
at com.testNgRunner.ItestMethod.terminateBrowser(ItestMethod.java:32)
at com.testNgRunner.ItestMethod.terminateBrowser(ItestMethod.java:32)
at com.testNgRunner.ItestMethod.terminateBrowser(ItestMethod.java:32)
at com.testNgRunner.ItestMethod.terminateBrowser(ItestMethod.java:32)
at com.testNgRunner.ItestMethod.terminateBrowser(ItestMethod.java:32)
at com.testNgRunner.ItestMethod.terminateBrowser(ItestMethod.java:32)
at com.testNgRunner.ItestMethod.terminateBrowser(ItestMethod.java:32)
at com.testNgRunner.ItestMethod.terminateBrowser(ItestMethod.java:32)
at com.testNgRunner.ItestMethod.terminateBrowser(ItestMethod.java:32)
at com.testNgRunner.ItestMethod.terminateBrowser(ItestMethod.java:32)
at com.testNgRunner.ItestMethod.terminateBrowser(ItestMethod.java:32)
at com.testNgRunner.ItestMethod.terminateBrowser(ItestMethod.java:32)
at com.testNgRunner.ItestMethod.terminateBrowser(ItestMethod.java:32)
at com.testNgRunner.ItestMethod.terminateBrowser(ItestMethod.java:32)
at com.testNgRunner.ItestMethod.terminateBrowser(ItestMethod.java:32)
at com.testNgRunner.ItestMethod.terminateBrowser(ItestMethod.java:32)
at com.testNgRunner.ItestMethod.terminateBrowser(ItestMethod.java:32)
at com.testNgRunner.ItestMethod.terminateBrowser(ItestMethod.java:32)
at com.testNgRunner.ItestMethod.terminateBrowser(ItestMethod.java:32)
at com.testNgRunner.ItestMethod.terminateBrowser(ItestMethod.java:32)
at com.testNgRunner.ItestMethod.terminateBrowser(ItestMethod.java:32)
at com.testNgRunner.ItestMethod.terminateBrowser(ItestMethod.java:32)
at com.testNgRunner.ItestMethod.terminateBrowser(ItestMethod.java:32)
at com.testNgRunner.ItestMethod.terminateBrowser(ItestMethod.java:32)
at com.testNgRunner.ItestMethod.terminateBrowser(ItestMethod.java:32)
at com.testNgRunner.ItestMethod.terminateBrowser(ItestMethod.java:32)
at com.testNgRunner.ItestMethod.terminateBrowser(ItestMethod.java:32)
at com.testNgRunner.ItestMethod.terminateBrowser(ItestMethod.java:32)
at com.testNgRunner.ItestMethod.terminateBrowser(ItestMethod.java:32)
at com.testNgRunner.ItestMethod.terminateBrowser(ItestMethod.java:32)
at com.testNgRunner.ItestMethod.terminateBrowser(ItestMethod.java:32)
at com.testNgRunner.ItestMethod.terminateBrowser(ItestMethod.java:32)
at com.testNgRunner.ItestMethod.terminateBrowser(ItestMethod.java:32)
at com.testNgRunner.ItestMethod.terminateBrowser(ItestMethod.java:32)
at com.testNgRunner.ItestMethod.terminateBrowser(ItestMethod.java:32)
at com.testNgRunner.ItestMethod.terminateBrowser(ItestMethod.java:32)
at com.testNgRunner.ItestMethod.terminateBrowser(ItestMethod.java:32)
at com.testNgRunner.ItestMethod.terminateBrowser(ItestMethod.java:32)
at com.testNgRunner.ItestMethod.terminateBrowser(ItestMethod.java:32)
at com.testNgRunner.ItestMethod.terminateBrowser(ItestMethod.java:32)
at com.testNgRunner.ItestMethod.terminateBrowser(ItestMethod.java:32)
at com.testNgRunner.ItestMethod.terminateBrowser(ItestMethod.java:32)
at com.testNgRunner.ItestMethod.terminateBrowser(ItestMethod.java:32)
at com.testNgRunner.ItestMethod.terminateBrowser(ItestMethod.java:32)
at com.testNgRunner.ItestMethod.terminateBrowser(ItestMethod.java:32)
at com.testNgRunner.ItestMethod.terminateBrowser(ItestMethod.java:32)
at com.testNgRunner.ItestMethod.terminateBrowser(ItestMethod.java:32)
at com.testNgRunner.ItestMethod.terminateBrowser(ItestMethod.java:32)
at com.testNgRunner.ItestMethod.terminateBrowser(ItestMethod.java:32)
at com.testNgRunner.ItestMethod.terminateBrowser(ItestMethod.java:32)
at com.testNgRunner.ItestMethod.terminateBrowser(ItestMethod.java:32)
at com.testNgRunner.ItestMethod.terminateBrowser(ItestMethod.java:32)
at com.testNgRunner.ItestMethod.terminateBrowser(ItestMethod.java:32)
at com.testNgRunner.ItestMethod.terminateBrowser(ItestMethod.java:32)
at com.testNgRunner.ItestMethod.terminateBrowser(ItestMethod.java:32)
at com.testNgRunner.ItestMethod.terminateBrowser(ItestMethod.java:32)
at com.testNgRunner.ItestMethod.terminateBrowser(ItestMethod.java:32)
at com.testNgRunner.ItestMethod.terminateBrowser(ItestMethod.java:32)
at com.testNgRunner.ItestMethod.terminateBrowser(ItestMethod.java:32)
at com.testNgRunner.ItestMethod.terminateBrowser(ItestMethod.java:32)
at com.testNgRunner.ItestMethod.terminateBrowser(ItestMethod.java:32)
at com.testNgRunner.ItestMethod.terminateBrowser(ItestMethod.java:32)
at com.testNgRunner.ItestMethod.terminateBrowser(ItestMethod.java:32)
at com.testNgRunner.ItestMethod.terminateBrowser(ItestMethod.java:32)
at com.testNgRunner.ItestMethod.terminateBrowser(ItestMethod.java:32)
at com.testNgRunner.ItestMethod.terminateBrowser(ItestMethod.java:32)
at com.testNgRunner.ItestMethod.terminateBrowser(ItestMethod.java:32)
at com.testNgRunner.ItestMethod.terminateBrowser(ItestMethod.java:32)
at com.testNgRunner.ItestMethod.terminateBrowser(ItestMethod.java:32)
at com.testNgRunner.ItestMethod.terminateBrowser(ItestMethod.java:32)
at com.testNgRunner.ItestMethod.terminateBrowser(ItestMethod.java:32)
at com.testNgRunner.ItestMethod.terminateBrowser(ItestMethod.java:32)
at com.testNgRunner.ItestMethod.terminateBrowser(ItestMethod.java:32)
at com.testNgRunner.ItestMethod.terminateBrowser(ItestMethod.java:32)
at com.testNgRunner.ItestMethod.terminateBrowser(ItestMethod.java:32)
at com.testNgRunner.ItestMethod.terminateBrowser(ItestMethod.java:32)
at com.testNgRunner.ItestMethod.terminateBrowser(ItestMethod.java:32)
at com.testNgRunner.ItestMethod.terminateBrowser(ItestMethod.java:32)
at com.testNgRunner.ItestMethod.terminateBrowser(ItestMethod.java:32)
at com.testNgRunner.ItestMethod.terminateBrowser(ItestMethod.java:32)
at com.testNgRunner.ItestMethod.terminateBrowser(ItestMethod.java:32)
at com.testNgRunner.ItestMethod.terminateBrowser(ItestMethod.java:32)
at com.testNgRunner.ItestMethod.terminateBrowser(ItestMethod.java:32)
at com.testNgRunner.ItestMethod.terminateBrowser(ItestMethod.java:32)
at com.testNgRunner.ItestMethod.terminateBrowser(ItestMethod.java:32)
at com.testNgRunner.ItestMethod.terminateBrowser(ItestMethod.java:32)
at com.testNgRunner.ItestMethod.terminateBrowser(ItestMethod.java:32)
at com.testNgRunner.ItestMethod.terminateBrowser(ItestMethod.java:32)
at com.testNgRunner.ItestMethod.terminateBrowser(ItestMethod.java:32)
at com.testNgRunner.ItestMethod.terminateBrowser(ItestMethod.java:32)
at com.testNgRunner.ItestMethod.terminateBrowser(ItestMethod.java:32)
at com.testNgRunner.ItestMethod.terminateBrowser(ItestMethod.java:32)
at com.testNgRunner.ItestMethod.terminateBrowser(ItestMethod.java:32)
at com.testNgRunner.ItestMethod.terminateBrowser(ItestMethod.java:32)
at com.testNgRunner.ItestMethod.terminateBrowser(ItestMethod.java:32)
at com.testNgRunner.ItestMethod.terminateBrowser(ItestMethod.java:32)
at com.testNgRunner.ItestMethod.terminateBrowser(ItestMethod.java:32)
at com.testNgRunner.ItestMethod.terminateBrowser(ItestMethod.java:32)
at com.testNgRunner.ItestMethod.terminateBrowser(ItestMethod.java:32)
at com.testNgRunner.ItestMethod.terminateBrowser(ItestMethod.java:32)
at com.testNgRunner.ItestMethod.terminateBrowser(ItestMethod.java:32)
at com.testNgRunner.ItestMethod.terminateBrowser(ItestMethod.java:32)
at com.testNgRunner.ItestMethod.terminateBrowser(ItestMethod.java:32)
at com.testNgRunner.ItestMethod.terminateBrowser(ItestMethod.java:32)
at com.testNgRunner.ItestMethod.terminateBrowser(ItestMethod.java:32)
at com.testNgRunner.ItestMethod.terminateBrowser(ItestMethod.java:32)
at com.testNgRunner.ItestMethod.terminateBrowser(ItestMethod.java:32)
at com.testNgRunner.ItestMethod.terminateBrowser(ItestMethod.java:32)
at com.testNgRunner.ItestMethod.terminateBrowser(ItestMethod.java:32)
at com.testNgRunner.ItestMethod.terminateBrowser(ItestMethod.java:32)
at com.testNgRunner.ItestMethod.terminateBrowser(ItestMethod.java:32)
at com.testNgRunner.ItestMethod.terminateBrowser(ItestMethod.java:32)
at com.testNgRunner.ItestMethod.terminateBrowser(ItestMethod.java:32)
at com.testNgRunner.ItestMethod.terminateBrowser(ItestMethod.java:32)
at com.testNgRunner.ItestMethod.terminateBrowser(ItestMethod.java:32)
at com.testNgRunner.ItestMethod.terminateBrowser(ItestMethod.java:32)
at com.testNgRunner.ItestMethod.terminateBrowser(ItestMethod.java:32)
at com.testNgRunner.ItestMethod.terminateBrowser(ItestMethod.java:32)
at com.testNgRunner.ItestMethod.terminateBrowser(ItestMethod.java:32)
at com.testNgRunner.ItestMethod.terminateBrowser(ItestMethod.java:32)
at com.testNgRunner.ItestMethod.terminateBrowser(ItestMethod.java:32)
at com.testNgRunner.ItestMethod.terminateBrowser(ItestMethod.java:32)
at com.testNgRunner.ItestMethod.terminateBrowser(ItestMethod.java:32)
at com.testNgRunner.ItestMethod.terminateBrowser(ItestMethod.java:32)
at com.testNgRunner.ItestMethod.terminateBrowser(ItestMethod.java:32)
at com.testNgRunner.ItestMethod.terminateBrowser(ItestMethod.java:32)
at com.testNgRunner.ItestMethod.terminateBrowser(ItestMethod.java:32)
at com.testNgRunner.ItestMethod.terminateBrowser(ItestMethod.java:32)
at com.testNgRunner.ItestMethod.terminateBrowser(ItestMethod.java:32)
at com.testNgRunner.ItestMethod.terminateBrowser(ItestMethod.java:32)
at com.testNgRunner.ItestMethod.terminateBrowser(ItestMethod.java:32)
at com.testNgRunner.ItestMethod.terminateBrowser(ItestMethod.java:32)
at com.testNgRunner.ItestMethod.terminateBrowser(ItestMethod.java:32)
at com.testNgRunner.ItestMethod.terminateBrowser(ItestMethod.java:32)
at com.testNgRunner.ItestMethod.terminateBrowser(ItestMethod.java:32)
at com.testNgRunner.ItestMethod.terminateBrowser(ItestMethod.java:32)
at com.testNgRunner.ItestMethod.terminateBrowser(ItestMethod.java:32)
at com.testNgRunner.ItestMethod.terminateBrowser(ItestMethod.java:32)
at com.testNgRunner.ItestMethod.terminateBrowser(ItestMethod.java:32)
at com.testNgRunner.ItestMethod.terminateBrowser(ItestMethod.java:32)
at com.testNgRunner.ItestMethod.terminateBrowser(ItestMethod.java:32)
at com.testNgRunner.ItestMethod.terminateBrowser(ItestMethod.java:32)
at com.testNgRunner.ItestMethod.terminateBrowser(ItestMethod.java:32)
at com.testNgRunner.ItestMethod.terminateBrowser(ItestMethod.java:32)
at com.testNgRunner.ItestMethod.terminateBrowser(ItestMethod.java:32)
at com.testNgRunner.ItestMethod.terminateBrowser(ItestMethod.java:32)
at com.testNgRunner.ItestMethod.terminateBrowser(ItestMethod.java:32)
at com.testNgRunner.ItestMethod.terminateBrowser(ItestMethod.java:32)
at com.testNgRunner.ItestMethod.terminateBrowser(ItestMethod.java:32)
at com.testNgRunner.ItestMethod.terminateBrowser(ItestMethod.java:32)
at com.testNgRunner.ItestMethod.terminateBrowser(ItestMethod.java:32)
at com.testNgRunner.ItestMethod.terminateBrowser(ItestMethod.java:32)
at com.testNgRunner.ItestMethod.terminateBrowser(ItestMethod.java:32)
at com.testNgRunner.ItestMethod.terminateBrowser(ItestMethod.java:32)
at com.testNgRunner.ItestMethod.terminateBrowser(ItestMethod.java:32)
at com.testNgRunner.ItestMethod.terminateBrowser(ItestMethod.java:32)
at com.testNgRunner.ItestMethod.terminateBrowser(ItestMethod.java:32)
at com.testNgRunner.ItestMethod.terminateBrowser(ItestMethod.java:32)
at com.testNgRunner.ItestMethod.terminateBrowser(ItestMethod.java:32)
at com.testNgRunner.ItestMethod.terminateBrowser(ItestMethod.java:32)
at com.testNgRunner.ItestMethod.terminateBrowser(ItestMethod.java:32)
at com.testNgRunner.ItestMethod.terminateBrowser(ItestMethod.java:32)
at com.testNgRunner.ItestMethod.terminateBrowser(ItestMethod.java:32)
at com.testNgRunner.ItestMethod.terminateBrowser(ItestMethod.java:32)
at com.testNgRunner.ItestMethod.terminateBrowser(ItestMethod.java:32)
at com.testNgRunner.ItestMethod.terminateBrowser(ItestMethod.java:32)
at com.testNgRunner.ItestMethod.terminateBrowser(ItestMethod.java:32)
at com.testNgRunner.ItestMethod.terminateBrowser(ItestMethod.java:32)
at com.testNgRunner.ItestMethod.terminateBrowser(ItestMethod.java:32)
at com.testNgRunner.ItestMethod.terminateBrowser(ItestMethod.java:32)
at com.testNgRunner.ItestMethod.terminateBrowser(ItestMethod.java:32)
at com.testNgRunner.ItestMethod.terminateBrowser(ItestMethod.java:32)
at com.testNgRunner.ItestMethod.terminateBrowser(ItestMethod.java:32)
at com.testNgRunner.ItestMethod.terminateBrowser(ItestMethod.java:32)
at com.testNgRunner.ItestMethod.terminateBrowser(ItestMethod.java:32)
at com.testNgRunner.ItestMethod.terminateBrowser(ItestMethod.java:32)
at com.testNgRunner.ItestMethod.terminateBrowser(ItestMethod.java:32)
at com.testNgRunner.ItestMethod.terminateBrowser(ItestMethod.java:32)
at com.testNgRunner.ItestMethod.terminateBrowser(ItestMethod.java:32)
at com.testNgRunner.ItestMethod.terminateBrowser(ItestMethod.java:32)
at com.testNgRunner.ItestMethod.terminateBrowser(ItestMethod.java:32)
at com.testNgRunner.ItestMethod.terminateBrowser(ItestMethod.java:32)
at com.testNgRunner.ItestMethod.terminateBrowser(ItestMethod.java:32)
at com.testNgRunner.ItestMethod.terminateBrowser(ItestMethod.java:32)
at com.testNgRunner.ItestMethod.terminateBrowser(ItestMethod.java:32)
at com.testNgRunner.ItestMethod.terminateBrowser(ItestMethod.java:32)
at com.testNgRunner.ItestMethod.terminateBrowser(ItestMethod.java:32)
at com.testNgRunner.ItestMethod.terminateBrowser(ItestMethod.java:32)
at com.testNgRunner.ItestMethod.terminateBrowser(ItestMethod.java:32)
at com.testNgRunner.ItestMethod.terminateBrowser(ItestMethod.java:32)
at com.testNgRunner.ItestMethod.terminateBrowser(ItestMethod.java:32)
at com.testNgRunner.ItestMethod.terminateBrowser(ItestMethod.java:32)
at com.testNgRunner.ItestMethod.terminateBrowser(ItestMethod.java:32)
at com.testNgRunner.ItestMethod.terminateBrowser(ItestMethod.java:32)
at com.testNgRunner.ItestMethod.terminateBrowser(ItestMethod.java:32)
at com.testNgRunner.ItestMethod.terminateBrowser(ItestMethod.java:32)
at com.testNgRunner.ItestMethod.terminateBrowser(ItestMethod.java:32)
at com.testNgRunner.ItestMethod.terminateBrowser(ItestMethod.java:32)
at com.testNgRunner.ItestMethod.terminateBrowser(ItestMethod.java:32)
at com.testNgRunner.ItestMethod.terminateBrowser(ItestMethod.java:32)
at com.testNgRunner.ItestMethod.terminateBrowser(ItestMethod.java:32)
at com.testNgRunner.ItestMethod.terminateBrowser(ItestMethod.java:32)
at com.testNgRunner.ItestMethod.terminateBrowser(ItestMethod.java:32)
at com.testNgRunner.ItestMethod.terminateBrowser(ItestMethod.java:32)
at com.testNgRunner.ItestMethod.terminateBrowser(ItestMethod.java:32)
at com.testNgRunner.ItestMethod.terminateBrowser(ItestMethod.java:32)
at com.testNgRunner.ItestMethod.terminateBrowser(ItestMethod.java:32)
at com.testNgRunner.ItestMethod.terminateBrowser(ItestMethod.java:32)
at com.testNgRunner.ItestMethod.terminateBrowser(ItestMethod.java:32)
at com.testNgRunner.ItestMethod.terminateBrowser(ItestMethod.java:32)
at com.testNgRunner.ItestMethod.terminateBrowser(ItestMethod.java:32)
at com.testNgRunner.ItestMethod.terminateBrowser(ItestMethod.java:32)
at com.testNgRunner.ItestMethod.terminateBrowser(ItestMethod.java:32)
at com.testNgRunner.ItestMethod.terminateBrowser(ItestMethod.java:32)
at com.testNgRunner.ItestMethod.terminateBrowser(ItestMethod.java:32)
at com.testNgRunner.ItestMethod.terminateBrowser(ItestMethod.java:32)
at com.testNgRunner.ItestMethod.terminateBrowser(ItestMethod.java:32)
at com.testNgRunner.ItestMethod.terminateBrowser(ItestMethod.java:32)
at com.testNgRunner.ItestMethod.terminateBrowser(ItestMethod.java:32)
at com.testNgRunner.ItestMethod.terminateBrowser(ItestMethod.java:32)
at com.testNgRunner.ItestMethod.terminateBrowser(ItestMethod.java:32)
at com.testNgRunner.ItestMethod.terminateBrowser(ItestMethod.java:32)
at com.testNgRunner.ItestMethod.terminateBrowser(ItestMethod.java:32)
at com.testNgRunner.ItestMethod.terminateBrowser(ItestMethod.java:32)
at com.testNgRunner.ItestMethod.terminateBrowser(ItestMethod.java:32)
at com.testNgRunner.ItestMethod.terminateBrowser(ItestMethod.java:32)
at com.testNgRunner.ItestMethod.terminateBrowser(ItestMethod.java:32)
at com.testNgRunner.ItestMethod.terminateBrowser(ItestMethod.java:32)
at com.testNgRunner.ItestMethod.terminateBrowser(ItestMethod.java:32)
at com.testNgRunner.ItestMethod.terminateBrowser(ItestMethod.java:32)
at com.testNgRunner.ItestMethod.terminateBrowser(ItestMethod.java:32)
at com.testNgRunner.ItestMethod.terminateBrowser(ItestMethod.java:32)
at com.testNgRunner.ItestMethod.terminateBrowser(ItestMethod.java:32)
at com.testNgRunner.ItestMethod.terminateBrowser(ItestMethod.java:32)
at com.testNgRunner.ItestMethod.terminateBrowser(ItestMethod.java:32)
at com.testNgRunner.ItestMethod.terminateBrowser(ItestMethod.java:32)
at com.testNgRunner.ItestMethod.terminateBrowser(ItestMethod.java:32)
at com.testNgRunner.ItestMethod.terminateBrowser(ItestMethod.java:32)
at com.testNgRunner.ItestMethod.terminateBrowser(ItestMethod.java:32)
at com.testNgRunner.ItestMethod.terminateBrowser(ItestMethod.java:32)
at com.testNgRunner.ItestMethod.terminateBrowser(ItestMethod.java:32)
at com.testNgRunner.ItestMethod.terminateBrowser(ItestMethod.java:32)
at com.testNgRunner.ItestMethod.terminateBrowser(ItestMethod.java:32)
at com.testNgRunner.ItestMethod.terminateBrowser(ItestMethod.java:32)
at com.testNgRunner.ItestMethod.terminateBrowser(ItestMethod.java:32)
at com.testNgRunner.ItestMethod.terminateBrowser(ItestMethod.java:32)
at com.testNgRunner.ItestMethod.terminateBrowser(ItestMethod.java:32)
at com.testNgRunner.ItestMethod.terminateBrowser(ItestMethod.java:32)
at com.testNgRunner.ItestMethod.terminateBrowser(ItestMethod.java:32)
at com.testNgRunner.ItestMethod.terminateBrowser(ItestMethod.java:32)
at com.testNgRunner.ItestMethod.terminateBrowser(ItestMethod.java:32)
at com.testNgRunner.ItestMethod.terminateBrowser(ItestMethod.java:32)
at com.testNgRunner.ItestMethod.terminateBrowser(ItestMethod.java:32)
at com.testNgRunner.ItestMethod.terminateBrowser(ItestMethod.java:32)
at com.testNgRunner.ItestMethod.terminateBrowser(ItestMethod.java:32)
at com.testNgRunner.ItestMethod.terminateBrowser(ItestMethod.java:32)
at com.testNgRunner.ItestMethod.terminateBrowser(ItestMethod.java:32)
at com.testNgRunner.ItestMethod.terminateBrowser(ItestMethod.java:32)
at com.testNgRunner.ItestMethod.terminateBrowser(ItestMethod.java:32)
at com.testNgRunner.ItestMethod.terminateBrowser(ItestMethod.java:32)
at com.testNgRunner.ItestMethod.terminateBrowser(ItestMethod.java:32)
at com.testNgRunner.ItestMethod.terminateBrowser(ItestMethod.java:32)
at com.testNgRunner.ItestMethod.terminateBrowser(ItestMethod.java:32)
at com.testNgRunner.ItestMethod.terminateBrowser(ItestMethod.java:32)
at com.testNgRunner.ItestMethod.terminateBrowser(ItestMethod.java:32)
at com.testNgRunner.ItestMethod.terminateBrowser(ItestMethod.java:32)
at com.testNgRunner.ItestMethod.terminateBrowser(ItestMethod.java:32)
at com.testNgRunner.ItestMethod.terminateBrowser(ItestMethod.java:32)
at com.testNgRunner.ItestMethod.terminateBrowser(ItestMethod.java:32)
at com.testNgRunner.ItestMethod.terminateBrowser(ItestMethod.java:32)
at com.testNgRunner.ItestMethod.terminateBrowser(ItestMethod.java:32)
at com.testNgRunner.ItestMethod.terminateBrowser(ItestMethod.java:32)
]]>
    </error>
  </testcase> <!-- terminateBrowser -->
  <testcase classname="com.testNgRunner.ItestMethod" name="googleSite" time="0.019">
    <skipped/>
  </testcase> <!-- googleSite -->
  <testcase classname="com.testNgRunner.ItestMethod" name="googleSite" time="0.016">
    <skipped/>
  </testcase> <!-- googleSite -->
  <testcase classname="com.testNgRunner.ItestMethod" name="googleSite" time="0.011">
    <skipped/>
  </testcase> <!-- googleSite -->
  <testcase classname="com.testNgRunner.ItestMethod" name="googleSite" time="0.076">
    <skipped/>
  </testcase> <!-- googleSite -->
  <testcase classname="com.testNgRunner.ItestMethod" name="googleSite" time="0.007">
    <failure message="expected:&lt;https://www.google[].com/&gt; but was:&lt;https://www.google[1].com/&gt;" type="junit.framework.ComparisonFailure">
      <![CDATA[junit.framework.ComparisonFailure: expected:<https://www.google[].com/> but was:<https://www.google[1].com/>
at junit.framework.Assert.assertEquals(Assert.java:100)
at junit.framework.Assert.assertEquals(Assert.java:107)
at com.testNgRunner.ItestMethod.googleSite(ItestMethod.java:26)
at java.base/jdk.internal.reflect.DirectMethodHandleAccessor.invoke(DirectMethodHandleAccessor.java:103)
at java.base/java.lang.reflect.Method.invoke(Method.java:580)
at org.testng.internal.invokers.MethodInvocationHelper.invokeMethod(MethodInvocationHelper.java:141)
at org.testng.internal.invokers.TestInvoker.invokeMethod(TestInvoker.java:687)
at org.testng.internal.invokers.TestInvoker.retryFailed(TestInvoker.java:269)
at org.testng.internal.invokers.MethodRunner.runInSequence(MethodRunner.java:76)
at org.testng.internal.invokers.TestInvoker$MethodInvocationAgent.invoke(TestInvoker.java:995)
at org.testng.internal.invokers.TestInvoker.invokeTestMethods(TestInvoker.java:203)
at org.testng.internal.invokers.TestMethodWorker.invokeTestMethods(TestMethodWorker.java:154)
at org.testng.internal.invokers.TestMethodWorker.run(TestMethodWorker.java:134)
at java.base/java.util.ArrayList.forEach(ArrayList.java:1596)
at org.testng.TestRunner.privateRun(TestRunner.java:741)
at org.testng.TestRunner.run(TestRunner.java:616)
at org.testng.SuiteRunner.runTest(SuiteRunner.java:421)
at org.testng.SuiteRunner.runSequentially(SuiteRunner.java:413)
at org.testng.SuiteRunner.privateRun(SuiteRunner.java:373)
at org.testng.SuiteRunner.run(SuiteRunner.java:312)
at org.testng.SuiteRunnerWorker.runSuite(SuiteRunnerWorker.java:52)
at org.testng.SuiteRunnerWorker.run(SuiteRunnerWorker.java:95)
at org.testng.TestNG.runSuitesSequentially(TestNG.java:1274)
at org.testng.TestNG.runSuitesLocally(TestNG.java:1208)
at org.testng.TestNG.runSuites(TestNG.java:1112)
at org.testng.TestNG.run(TestNG.java:1079)
at org.testng.remote.AbstractRemoteTestNG.run(AbstractRemoteTestNG.java:115)
at org.testng.remote.RemoteTestNG.initAndRun(RemoteTestNG.java:293)
at org.testng.remote.RemoteTestNG.main(RemoteTestNG.java:91)
]]>
    </failure>
  </testcase> <!-- googleSite -->
</testsuite> <!-- com.testNgRunner.ItestMethod -->
