<?xml version="1.0" encoding="UTF-8"?>
<!-- Generated by org.testng.reporters.JUnitReportReporter -->
<testsuite hostname="LAPTOP-3G62TEN0" failures="0" tests="3" name="com.testNgRunner.CrossBrowser" time="19.210" errors="0" timestamp="2025-04-23T14:43:37 IST" skipped="0">
  <testcase classname="com.testNgRunner.CrossBrowser" name="firefox" time="5.161"/>
  <testcase classname="com.testNgRunner.CrossBrowser" name="chromeBrowser" time="11.237"/>
  <testcase classname="com.testNgRunner.CrossBrowser" name="edge" time="2.812"/>
</testsuite> <!-- com.testNgRunner.CrossBrowser -->
